<?xml version="1.0" encoding="UTF-8"?>
<testsuite name="Tests" tests="2" skipped="0" failures="0" errors="0" timestamp="2021-03-26T21:30:57" hostname="macbeezy.hsd1.il.comcast.net" time="0.795">
  <properties/>
  <testcase name="testCar" classname="Tests" time="0.002"/>
  <testcase name="testRacer" classname="Tests" time="0.793"/>
  <system-out><![CDATA[Hello Tesla
]]></system-out>
  <system-err><![CDATA[]]></system-err>
</testsuite>
